
2015-06-10 13:14:34|orderid[]|str[10012462492CNY1]|hmac[f32bfba5f9313f0c75b9b96dd43a74dd]
2015-06-10 13:25:06|orderid[]|str[10012462492CNY1]|hmac[f32bfba5f9313f0c75b9b96dd43a74dd]
2015-06-10 13:49:17|orderid[]|str[10012462492]|hmac[dbc7118d2afda2fdcedbde319ffff7e1]
2015-06-10 13:54:28|orderid[]|str[100124624922700CNY锟姐东锟斤拷锟斤拷producttypeproductdeschttp://www.caringyou.com.cn/return;userId or other1]|hmac[36330f71a5b69657d58a06a3f2bcb8b5]
2015-06-10 13:55:34|orderid[]|str[100124624922700CNYhelloproducttypeproductdeschttp://www.caringyou.com.cn/return;userId or other1]|hmac[39019e49a837dfd161cb7b9ce9632fa5]
2015-06-10 13:58:33|orderid[]|str[100124624922700CNYhelloproducttypeproductdeschttp://www.caringyou.com.cn/return;userId or other1]|hmac[39019e49a837dfd161cb7b9ce9632fa5]
2015-06-10 14:03:50|orderid[]|str[100124624920.01CNYproductnameproducttypeproductdeschttp://localhost/HTMLcommon/callback.phpuserId or other1]|hmac[2b4d7607884c2e3cc6e4d5d65434b3ba]
2015-06-10 14:05:42|orderid[]|str[100124624922700CNYhelloproducttypeproductdeschttp://www.caringyou.com.cn/return;userId or other1]|hmac[39019e49a837dfd161cb7b9ce9632fa5]
2015-06-10 14:06:02|orderid[]|str[100124624920.01CNYproductnameproducttypeproductdeschttp://localhost/HTMLcommon/callback.phpuserId or other1]|hmac[2b4d7607884c2e3cc6e4d5d65434b3ba]
2015-06-10 14:06:21|orderid[]|str[100124624920.01CNYproductnameproducttypeproductdeschttp://localhost/HTMLcommon/callback.phpuserId or other1]|hmac[2b4d7607884c2e3cc6e4d5d65434b3ba]
2015-06-10 14:06:40|orderid[]|str[100124624920.01CNY111producttypeproductdeschttp://localhost/HTMLcommon/callback.phpuserId or other1]|hmac[d7573a727baccc6e890c428abc8c0925]
2015-06-10 14:09:22|orderid[]|str[100124624920.01CNY健康自由行producttypeproductdeschttp://localhost/HTMLcommon/callback.phpuserId or other1]|hmac[34dee662d5c94434958a069d95edfc84]
2015-06-10 14:09:23|orderid[]|str[100124624920.01CNY健康自由行producttypeproductdeschttp://localhost/HTMLcommon/callback.phpuserId or other1]|hmac[34dee662d5c94434958a069d95edfc84]
2015-06-10 14:09:24|orderid[]|str[100124624920.01CNY健康自由行producttypeproductdeschttp://localhost/HTMLcommon/callback.phpuserId or other1]|hmac[34dee662d5c94434958a069d95edfc84]
2015-06-10 14:09:25|orderid[]|str[100124624920.01CNY健康自由行producttypeproductdeschttp://localhost/HTMLcommon/callback.phpuserId or other1]|hmac[34dee662d5c94434958a069d95edfc84]
2015-06-10 14:09:26|orderid[]|str[100124624920.01CNY健康自由行producttypeproductdeschttp://localhost/HTMLcommon/callback.phpuserId or other1]|hmac[34dee662d5c94434958a069d95edfc84]
2015-06-10 14:09:26|orderid[]|str[100124624920.01CNY健康自由行producttypeproductdeschttp://localhost/HTMLcommon/callback.phpuserId or other1]|hmac[34dee662d5c94434958a069d95edfc84]
2015-06-10 14:09:27|orderid[]|str[100124624920.01CNY健康自由行producttypeproductdeschttp://localhost/HTMLcommon/callback.phpuserId or other1]|hmac[34dee662d5c94434958a069d95edfc84]
2015-06-10 14:09:28|orderid[]|str[100124624920.01CNY健康自由行producttypeproductdeschttp://localhost/HTMLcommon/callback.phpuserId or other1]|hmac[34dee662d5c94434958a069d95edfc84]
2015-06-10 14:09:29|orderid[]|str[100124624920.01CNY健康自由行producttypeproductdeschttp://localhost/HTMLcommon/callback.phpuserId or other1]|hmac[34dee662d5c94434958a069d95edfc84]
2015-06-10 14:09:30|orderid[]|str[100124624920.01CNY健康自由行producttypeproductdeschttp://localhost/HTMLcommon/callback.phpuserId or other1]|hmac[34dee662d5c94434958a069d95edfc84]
2015-06-10 14:09:31|orderid[]|str[100124624920.01CNY健康自由行producttypeproductdeschttp://localhost/HTMLcommon/callback.phpuserId or other1]|hmac[34dee662d5c94434958a069d95edfc84]
2015-06-10 14:09:32|orderid[]|str[100124624920.01CNY健康自由行producttypeproductdeschttp://localhost/HTMLcommon/callback.phpuserId or other1]|hmac[34dee662d5c94434958a069d95edfc84]
2015-06-10 14:09:33|orderid[]|str[100124624920.01CNY健康自由行producttypeproductdeschttp://localhost/HTMLcommon/callback.phpuserId or other1]|hmac[34dee662d5c94434958a069d95edfc84]
2015-06-10 14:09:34|orderid[]|str[100124624920.01CNY健康自由行producttypeproductdeschttp://localhost/HTMLcommon/callback.phpuserId or other1]|hmac[34dee662d5c94434958a069d95edfc84]
2015-06-10 14:10:50|orderid[]|str[100124624920.01CNY健康自由行producttypeproductdeschttp://localhost/HTMLcommon/callback.phpuserId or other1]|hmac[34dee662d5c94434958a069d95edfc84]
2015-06-10 14:12:04|orderid[]|str[100124624920.01CNYproductnameproducttypeproductdeschttp://localhost/HTMLcommon/callback.phpuserId or other1]|hmac[2b4d7607884c2e3cc6e4d5d65434b3ba]